<?xml version="1.0" encoding="UTF-8"?>
<!-- Generated by org.testng.reporters.JUnitXMLReporter -->
<testsuite hostname="AMOJAGTA-3D084" ignored="1" name="Test1" tests="2" failures="0" timestamp="23 Sep 2020 12:06:39 GMT" time="36.181" errors="0">
  <testcase name="GoogleSearchTest3" time="7.076" classname="test.TestNG_Demo2"/>
  <testcase name="GoogleSearchTest" time="10.888" classname="test.TestNG_Demo"/>
  <testcase name="GoogleSearchTest2" time="0.0" classname="test.TestNG_Demo2">
    <ignored/>
  </testcase> <!-- GoogleSearchTest2 -->
</testsuite> <!-- Test1 -->
