<?xml version="1.0" encoding="UTF-8"?>
<!-- Generated by org.testng.reporters.JUnitXMLReporter -->
<testsuite hostname="AMOJAGTA-3D084" ignored="0" name="TestFi" tests="1" failures="0" timestamp="25 Sep 2020 07:48:53 GMT" time="33.912" errors="0">
  <testcase name="@AfterTest tearDown" time="0.001" classname="demo.TestNGMultiBrowserDemo">
    <failure type="java.lang.NullPointerException">
      <![CDATA[java.lang.NullPointerException
at demo.TestNGMultiBrowserDemo.tearDown(TestNGMultiBrowserDemo.java:45)
at java.util.concurrent.FutureTask.run(Unknown Source)
at java.util.concurrent.ThreadPoolExecutor.runWorker(Unknown Source)
at java.util.concurrent.ThreadPoolExecutor$Worker.run(Unknown Source)
at java.lang.Thread.run(Unknown Source)
... Removed 15 stack frames]]>
    </failure>
  </testcase> <!-- @AfterTest tearDown -->
  <testcase name="@AfterTest tearDown" time="3.302" classname="demo.TestNGMultiBrowserDemo">
    <failure type="org.openqa.selenium.NoSuchSessionException" message="Tried to run command without establishing a connection
Build info: version: &amp;apos;3.141.59&amp;apos;, revision: &amp;apos;e82be7d358&amp;apos;, time: &amp;apos;2018-11-14T08:17:03&amp;apos;
System info: host: &amp;apos;AMOJAGTA-3D084&amp;apos;, ip: &amp;apos;10.65.88.46&amp;apos;, os.name: &amp;apos;Windows 10&amp;apos;, os.arch: &amp;apos;amd64&amp;apos;, os.version: &amp;apos;10.0&amp;apos;, java.version: &amp;apos;1.8.0_144&amp;apos;
Driver info: org.openqa.selenium.firefox.FirefoxDriver
Capabilities {acceptInsecureCerts: true, browserName: firefox, browserVersion: 80.0.1, javascriptEnabled: true, moz:accessibilityChecks: false, moz:buildID: 20200831163820, moz:geckodriverVersion: 0.27.0, moz:headless: false, moz:processID: 12688, moz:profile: C:\Users\amojagta\AppData\L..., moz:shutdownTimeout: 60000, moz:useNonSpecCompliantPointerOrigin: false, moz:webdriverClick: true, pageLoadStrategy: normal, platform: WINDOWS, platformName: WINDOWS, platformVersion: 10.0, rotatable: false, setWindowRect: true, strictFileInteractability: false, timeouts: {implicit: 0, pageLoad: 300000, script: 30000}, unhandledPromptBehavior: dismiss and notify}
Session ID: 6bb64a1c-67df-40e5-9911-a68b4c66c6f4">
      <![CDATA[org.openqa.selenium.NoSuchSessionException: Tried to run command without establishing a connection
Build info: version: '3.141.59', revision: 'e82be7d358', time: '2018-11-14T08:17:03'
System info: host: 'AMOJAGTA-3D084', ip: '10.65.88.46', os.name: 'Windows 10', os.arch: 'amd64', os.version: '10.0', java.version: '1.8.0_144'
Driver info: org.openqa.selenium.firefox.FirefoxDriver
Capabilities {acceptInsecureCerts: true, browserName: firefox, browserVersion: 80.0.1, javascriptEnabled: true, moz:accessibilityChecks: false, moz:buildID: 20200831163820, moz:geckodriverVersion: 0.27.0, moz:headless: false, moz:processID: 12688, moz:profile: C:\Users\amojagta\AppData\L..., moz:shutdownTimeout: 60000, moz:useNonSpecCompliantPointerOrigin: false, moz:webdriverClick: true, pageLoadStrategy: normal, platform: WINDOWS, platformName: WINDOWS, platformVersion: 10.0, rotatable: false, setWindowRect: true, strictFileInteractability: false, timeouts: {implicit: 0, pageLoad: 300000, script: 30000}, unhandledPromptBehavior: dismiss and notify}
Session ID: 6bb64a1c-67df-40e5-9911-a68b4c66c6f4
at org.openqa.selenium.remote.http.W3CHttpResponseCodec.createException(W3CHttpResponseCodec.java:187)
at org.openqa.selenium.remote.http.W3CHttpResponseCodec.decode(W3CHttpResponseCodec.java:122)
at org.openqa.selenium.remote.http.W3CHttpResponseCodec.decode(W3CHttpResponseCodec.java:49)
at org.openqa.selenium.remote.HttpCommandExecutor.execute(HttpCommandExecutor.java:158)
at org.openqa.selenium.remote.service.DriverCommandExecutor.execute(DriverCommandExecutor.java:83)
at org.openqa.selenium.remote.RemoteWebDriver.execute(RemoteWebDriver.java:552)
at org.openqa.selenium.remote.RemoteWebDriver.execute(RemoteWebDriver.java:609)
at org.openqa.selenium.remote.RemoteWebDriver.close(RemoteWebDriver.java:442)
at demo.TestNGMultiBrowserDemo.tearDown(TestNGMultiBrowserDemo.java:45)
at java.util.concurrent.FutureTask.run(Unknown Source)
at java.util.concurrent.ThreadPoolExecutor.runWorker(Unknown Source)
at java.util.concurrent.ThreadPoolExecutor$Worker.run(Unknown Source)
at java.lang.Thread.run(Unknown Source)
... Removed 19 stack frames]]>
    </failure>
  </testcase> <!-- @AfterTest tearDown -->
  <testcase name="Test1" time="16.583" classname="demo.TestNGMultiBrowserDemo"/>
</testsuite> <!-- TestFi -->
