<?xml version="1.0" encoding="UTF-8"?>
<testng-results skipped="0" failed="0" ignored="0" total="4" passed="4">
  <reporter-output>
  </reporter-output>
  <suite name="Suite" duration-ms="102" started-at="2020-09-29T12:00:54Z" finished-at="2020-09-29T12:00:54Z">
    <groups>
      <group name="linux.regression">
        <method signature="TestNGGroupsDemo.Test3()[pri:0, instance:demo.TestNGGroupsDemo@b9afc07]" name="Test3" class="demo.TestNGGroupsDemo"/>
      </group> <!-- linux.regression -->
      <group name="windows.regression">
        <method signature="TestNGGroupsDemo.Test2()[pri:0, instance:demo.TestNGGroupsDemo@b9afc07]" name="Test2" class="demo.TestNGGroupsDemo"/>
      </group> <!-- windows.regression -->
      <group name="sanity">
        <method signature="TestNGGroupsDemo.Test1()[pri:0, instance:demo.TestNGGroupsDemo@b9afc07]" name="Test1" class="demo.TestNGGroupsDemo"/>
      </group> <!-- sanity -->
      <group name="AllClassTests">
        <method signature="TestNGGroupsDemo.Test1()[pri:0, instance:demo.TestNGGroupsDemo@b9afc07]" name="Test1" class="demo.TestNGGroupsDemo"/>
        <method signature="TestNGGroupsDemo.Test2()[pri:0, instance:demo.TestNGGroupsDemo@b9afc07]" name="Test2" class="demo.TestNGGroupsDemo"/>
        <method signature="TestNGGroupsDemo.Test3()[pri:0, instance:demo.TestNGGroupsDemo@b9afc07]" name="Test3" class="demo.TestNGGroupsDemo"/>
        <method signature="TestNGGroupsDemo.Test4()[pri:0, instance:demo.TestNGGroupsDemo@b9afc07]" name="Test4" class="demo.TestNGGroupsDemo"/>
      </group> <!-- AllClassTests -->
    </groups>
    <test name="Test" duration-ms="102" started-at="2020-09-29T12:00:54Z" finished-at="2020-09-29T12:00:54Z">
      <class name="demo.TestNGGroupsDemo">
        <test-method status="PASS" signature="Test1()[pri:0, instance:demo.TestNGGroupsDemo@b9afc07]" name="Test1" duration-ms="13" started-at="2020-09-29T12:00:54Z" finished-at="2020-09-29T12:00:54Z">
          <reporter-output>
          </reporter-output>
        </test-method> <!-- Test1 -->
        <test-method status="PASS" signature="Test2()[pri:0, instance:demo.TestNGGroupsDemo@b9afc07]" name="Test2" duration-ms="1" started-at="2020-09-29T12:00:54Z" finished-at="2020-09-29T12:00:54Z">
          <reporter-output>
          </reporter-output>
        </test-method> <!-- Test2 -->
        <test-method status="PASS" signature="Test3()[pri:0, instance:demo.TestNGGroupsDemo@b9afc07]" name="Test3" duration-ms="1" started-at="2020-09-29T12:00:54Z" finished-at="2020-09-29T12:00:54Z">
          <reporter-output>
          </reporter-output>
        </test-method> <!-- Test3 -->
        <test-method status="PASS" signature="Test4()[pri:0, instance:demo.TestNGGroupsDemo@b9afc07]" name="Test4" duration-ms="5" started-at="2020-09-29T12:00:54Z" finished-at="2020-09-29T12:00:54Z">
          <reporter-output>
          </reporter-output>
        </test-method> <!-- Test4 -->
      </class> <!-- demo.TestNGGroupsDemo -->
    </test> <!-- Test -->
  </suite> <!-- Suite -->
</testng-results>
