<?xml version="1.0" encoding="UTF-8"?>
<testng-results skipped="0" failed="0" ignored="0" total="1" passed="1">
  <reporter-output>
  </reporter-output>
  <suite name="Default suite" duration-ms="29174" started-at="2020-09-28T12:01:14Z" finished-at="2020-09-28T12:01:44Z">
    <groups>
    </groups>
    <test name="Default test" duration-ms="29174" started-at="2020-09-28T12:01:14Z" finished-at="2020-09-28T12:01:44Z">
      <class name="demo.KatalonDemo">
        <test-method status="PASS" signature="setUp()[pri:0, instance:demo.KatalonDemo@4cf4d528]" name="setUp" is-config="true" duration-ms="7347" started-at="2020-09-28T12:01:14Z" finished-at="2020-09-28T12:01:22Z">
          <reporter-output>
          </reporter-output>
        </test-method> <!-- setUp -->
        <test-method status="PASS" signature="testOrangeHRM()[pri:0, instance:demo.KatalonDemo@4cf4d528]" name="testOrangeHRM" duration-ms="19947" started-at="2020-09-28T12:01:22Z" finished-at="2020-09-28T12:01:42Z">
          <reporter-output>
          </reporter-output>
        </test-method> <!-- testOrangeHRM -->
        <test-method status="PASS" signature="tearDown()[pri:0, instance:demo.KatalonDemo@4cf4d528]" name="tearDown" is-config="true" duration-ms="1822" started-at="2020-09-28T12:01:42Z" finished-at="2020-09-28T12:01:43Z">
          <reporter-output>
          </reporter-output>
        </test-method> <!-- tearDown -->
      </class> <!-- demo.KatalonDemo -->
    </test> <!-- Default test -->
  </suite> <!-- Default suite -->
</testng-results>
